<?xml version="1.0" encoding="UTF-8"?>
<!-- Generated by org.testng.reporters.JUnitReportReporter -->
<testsuite hostname="dell" name="testcases.TC006_DeleteLead" tests="1" failures="0" timestamp="14 Aug 2016 08:41:15 GMT" time="90.022" errors="0">
  <testcase name="login" time="90.022" classname="testcases.TC006_DeleteLead"/>
</testsuite> <!-- testcases.TC006_DeleteLead -->
