<?xml version="1.0" encoding="UTF-8"?>
<!-- Generated by org.testng.reporters.JUnitReportReporter -->
<testsuite hostname="dell" name="testcases.TC005_MergeLead" tests="1" failures="0" timestamp="14 Aug 2016 10:16:06 GMT" time="182.454" errors="0">
  <testcase name="login" time="182.454" classname="testcases.TC005_MergeLead"/>
</testsuite> <!-- testcases.TC005_MergeLead -->
